<?xml version="1.0" encoding="UTF-8" ?>
<testsuite tests="11" failures="0" name="by.pvt.CarDAOTest" time="1.981" errors="0" skipped="0">
  <properties>
[...]
</properties>
  <testcase classname="by.pvt.CarDAOTest" name="getInstance" time="0.007"/>
  <testcase classname="by.pvt.CarDAOTest" name="testGetId" time="1.634"/>
  <testcase classname="by.pvt.CarDAOTest" name="getAllBrands" time="0.004"/>
  <testcase classname="by.pvt.CarDAOTest" name="getAllRentCarForDate" time="0.005"/>
  <testcase classname="by.pvt.CarDAOTest" name="getAllTransmission" time="0.001"/>
  <testcase classname="by.pvt.CarDAOTest" name="getCarByTransmission" time="0.005"/>
  <testcase classname="by.pvt.CarDAOTest" name="testCreate" time="0.141"/>
  <testcase classname="by.pvt.CarDAOTest" name="getCarByBrand" time="0.002"/>
  <testcase classname="by.pvt.CarDAOTest" name="testDelete" time="0.073"/>
  <testcase classname="by.pvt.CarDAOTest" name="testGetAll" time="0.008"/>
  <testcase classname="by.pvt.CarDAOTest" name="testUpdate" time="0.101"/>
</testsuite>